<?xml version="1.0" encoding="UTF-8"?>
<!-- Generated by org.testng.reporters.JUnitReportReporter -->
<testsuite hostname="LAPTOP-VSD9VLCR" failures="0" tests="1" name="jptestpkg.Parameters" time="0.011" errors="0" timestamp="2023-03-24T20:23:23 EDT" skipped="0">
  <testcase classname="jptestpkg.Parameters" name="m1" time="0.011"/>
  <system-out/>
</testsuite> <!-- jptestpkg.Parameters -->
